
SQL*Loader: Release 21.0.0.0.0 - Production on Thu May 22 11:37:05 2025
Version 21.3.0.0.0

Copyright (c) 1982, 2021, Oracle and/or its affiliates.  All rights reserved.

Control File:   ctl/klient.ctl
Data File:      csv/klient.csv
  Bad File:     bad/klient.bad
  Discard File:  none specified
 
 (Allow all discards)

Number to load: ALL
Number to skip: 0
Errors allowed: 50
Bind array:     250 rows, maximum of 1048576 bytes
Continuation:    none specified
Path used:      Conventional

Table KLIENT, loaded from every logical record.
Insert option in effect for this table: REPLACE

   Column Name                  Position   Len  Term Encl Datatype
------------------------------ ---------- ----- ---- ---- ---------------------
ID                                  FIRST     *   |       CHARACTER            
ID_ULICA                             NEXT     *   |       CHARACTER            
NR_LOKALU                            NEXT     *   |       CHARACTER            
IMIE                                 NEXT     *   |       CHARACTER            
NAZWISKO                             NEXT     *   |       CHARACTER            
DATA_URODZENIA                       NEXT     *   |       DATE YYYY-MM-DD      
NR_TELEFONU                          NEXT     *   |       CHARACTER            


Table KLIENT:
  200 Rows successfully loaded.
  0 Rows not loaded due to data errors.
  0 Rows not loaded because all WHEN clauses were failed.
  0 Rows not loaded because all fields were null.


Space allocated for bind array:                 451500 bytes(250 rows)
Read   buffer bytes: 1048576

Total logical records skipped:          0
Total logical records read:           200
Total logical records rejected:         0
Total logical records discarded:        0

Run began on Thu May 22 11:37:05 2025
Run ended on Thu May 22 11:37:06 2025

Elapsed time was:     00:00:00.52
CPU time was:         00:00:00.25
