
SQL*Loader: Release 21.0.0.0.0 - Production on Sun Mar 30 11:54:27 2025
Version 21.3.0.0.0

Copyright (c) 1982, 2021, Oracle and/or its affiliates.  All rights reserved.

Control File:   ctl/pakiet_wyposazenia.ctl
Data File:      csv/pakiet_wyposazenia.csv
  Bad File:     bad/pakiet_wyposazenia.bad
  Discard File:  none specified
 
 (Allow all discards)

Number to load: ALL
Number to skip: 0
Errors allowed: 50
Bind array:     250 rows, maximum of 1048576 bytes
Continuation:    none specified
Path used:      Conventional

Table PAKIET_WYPOSAZENIA, loaded from every logical record.
Insert option in effect for this table: REPLACE

   Column Name                  Position   Len  Term Encl Datatype
------------------------------ ---------- ----- ---- ---- ---------------------
ID                                  FIRST     *   |       CHARACTER            
NAZWA                                NEXT     *   |       CHARACTER            

SQL*Loader-926: OCI error while executing delete/truncate (due to REPLACE/TRUNCATE keyword) for table PAKIET_WYPOSAZENIA
ORA-02292: integrity constraint (PRO_BD.FK_SKUTER_PAKIET_WYPOSAZENIA) violated - child record found

