
SQL*Loader: Release 21.0.0.0.0 - Production on Thu May 15 20:06:27 2025
Version 21.3.0.0.0

Copyright (c) 1982, 2021, Oracle and/or its affiliates.  All rights reserved.

Control File:   ctl/typ_napedu.ctl
Data File:      csv/typ_napedu.csv
  Bad File:     bad/typ_napedu.bad
  Discard File:  none specified
 
 (Allow all discards)

Number to load: ALL
Number to skip: 0
Errors allowed: 50
Bind array:     250 rows, maximum of 1048576 bytes
Continuation:    none specified
Path used:      Conventional

Table TYP_NAPEDU, loaded from every logical record.
Insert option in effect for this table: REPLACE

   Column Name                  Position   Len  Term Encl Datatype
------------------------------ ---------- ----- ---- ---- ---------------------
ID                                  FIRST     *   |       CHARACTER            
NAZWA                                NEXT     *   |       CHARACTER            


Table TYP_NAPEDU:
  3 Rows successfully loaded.
  0 Rows not loaded due to data errors.
  0 Rows not loaded because all WHEN clauses were failed.
  0 Rows not loaded because all fields were null.


Space allocated for bind array:                 129000 bytes(250 rows)
Read   buffer bytes: 1048576

Total logical records skipped:          0
Total logical records read:             3
Total logical records rejected:         0
Total logical records discarded:        0

Run began on Thu May 15 20:06:27 2025
Run ended on Thu May 15 20:06:27 2025

Elapsed time was:     00:00:00.11
CPU time was:         00:00:00.06
