
SQL*Loader: Release 21.0.0.0.0 - Production on Sun Apr 13 11:44:16 2025
Version 21.3.0.0.0

Copyright (c) 1982, 2021, Oracle and/or its affiliates.  All rights reserved.

Control File:   ctl/wojewodztwo.ctl
Data File:      csv/wojewodztwo.csv
  Bad File:     bad/wojewodztwo.bad
  Discard File:  none specified
 
 (Allow all discards)

Number to load: ALL
Number to skip: 0
Errors allowed: 50
Bind array:     250 rows, maximum of 1048576 bytes
Continuation:    none specified
Path used:      Conventional

Table WOJEWODZTWO, loaded from every logical record.
Insert option in effect for this table: REPLACE

   Column Name                  Position   Len  Term Encl Datatype
------------------------------ ---------- ----- ---- ---- ---------------------
ID                                  FIRST     *   |       CHARACTER            
NAZWA                                NEXT     *   |       CHARACTER            
ID_PANSTWO                           NEXT     *   |       CHARACTER            


Table WOJEWODZTWO:
  100 Rows successfully loaded.
  0 Rows not loaded due to data errors.
  0 Rows not loaded because all WHEN clauses were failed.
  0 Rows not loaded because all fields were null.


Space allocated for bind array:                 193500 bytes(250 rows)
Read   buffer bytes: 1048576

Total logical records skipped:          0
Total logical records read:           100
Total logical records rejected:         0
Total logical records discarded:        0

Run began on Sun Apr 13 11:44:16 2025
Run ended on Sun Apr 13 11:44:16 2025

Elapsed time was:     00:00:00.13
CPU time was:         00:00:00.11
