
SQL*Loader: Release 21.0.0.0.0 - Production on Thu May 15 20:06:28 2025
Version 21.3.0.0.0

Copyright (c) 1982, 2021, Oracle and/or its affiliates.  All rights reserved.

Control File:   ctl/wypozyczenia.ctl
Data File:      csv/wypozyczenia.csv
  Bad File:     bad/wypozyczenia.bad
  Discard File:  none specified
 
 (Allow all discards)

Number to load: ALL
Number to skip: 0
Errors allowed: 50
Bind array:     250 rows, maximum of 1048576 bytes
Continuation:    none specified
Path used:      Conventional

Table WYPOZYCZENIA, loaded from every logical record.
Insert option in effect for this table: REPLACE

   Column Name                  Position   Len  Term Encl Datatype
------------------------------ ---------- ----- ---- ---- ---------------------
ID                                  FIRST     *   |       CHARACTER            
ID_KLIENT                            NEXT     *   |       CHARACTER            
ID_RODZAJ_PLATNOSCI                  NEXT     *   |       CHARACTER            
ID_SKUTER                            NEXT     *   |       CHARACTER            
ID_PRACOWNIK                         NEXT     *   |       CHARACTER            
CENA                                 NEXT     *   |       CHARACTER            
DATA_WYPOZYCZENIA                    NEXT     *   |       DATE YYYY-MM-DD      
DATA_ODDANIA                         NEXT     *   |       DATE YYYY-MM-DD      


Table WYPOZYCZENIA:
  100000 Rows successfully loaded.
  0 Rows not loaded due to data errors.
  0 Rows not loaded because all WHEN clauses were failed.
  0 Rows not loaded because all fields were null.


Space allocated for bind array:                 516000 bytes(250 rows)
Read   buffer bytes: 1048576

Total logical records skipped:          0
Total logical records read:        100000
Total logical records rejected:         0
Total logical records discarded:        0

Run began on Thu May 15 20:06:28 2025
Run ended on Thu May 15 20:06:29 2025

Elapsed time was:     00:00:01.14
CPU time was:         00:00:00.24
